05-Dec-20 00:17:59  job arrival 0 0_M0
05-Dec-20 00:17:59  job arrival 0 0_M1
05-Dec-20 00:17:59  job arrival 0 0_M2
05-Dec-20 00:17:59  job arrival 0 0_R0
05-Dec-20 00:17:59  job arrival 1 1_M0
05-Dec-20 00:17:59  job arrival 1 1_M1
05-Dec-20 00:17:59  job arrival 1 1_R0
05-Dec-20 00:17:59  job arrival 1 1_R1
05-Dec-20 00:17:59  job arrival 2 2_M0
05-Dec-20 00:17:59  job arrival 2 2_M1
05-Dec-20 00:17:59  job arrival 2 2_R0
05-Dec-20 00:18:01  job arrival 3 3_M0
05-Dec-20 00:18:01  job arrival 3 3_R0
05-Dec-20 00:18:02  starting task 0 0_M2 2
05-Dec-20 00:18:02  starting task 0 0_M1 2
05-Dec-20 00:18:02  starting task 0 0_M0 2
05-Dec-20 00:18:02  starting task 1 1_M1 2
05-Dec-20 00:18:02  starting task 1 1_M0 2
05-Dec-20 00:18:02  starting task 2 2_M1 1
05-Dec-20 00:18:02  starting task 2 2_M0 2
05-Dec-20 00:18:02  starting task 3 3_M0 1
05-Dec-20 00:18:02  job arrival 4 4_M0
05-Dec-20 00:18:02  job arrival 4 4_R0
05-Dec-20 00:18:02  job arrival 4 4_R1
05-Dec-20 00:18:02  starting task 4 4_M0 3
05-Dec-20 00:18:03  job arrival 5 5_M0
05-Dec-20 00:18:03  job arrival 5 5_M1
05-Dec-20 00:18:03  job arrival 5 5_M2
05-Dec-20 00:18:03  job arrival 5 5_R0
05-Dec-20 00:18:03  starting task 5 5_M2 2
05-Dec-20 00:18:03  starting task 5 5_M1 1
05-Dec-20 00:18:03  starting task 5 5_M0 3
05-Dec-20 00:18:03  ending task 3 3_M0 1
05-Dec-20 00:18:03  job arrival 6 6_M0
05-Dec-20 00:18:03  job arrival 6 6_M1
05-Dec-20 00:18:03  job arrival 6 6_M2
05-Dec-20 00:18:03  job arrival 6 6_M3
05-Dec-20 00:18:03  job arrival 6 6_R0
05-Dec-20 00:18:03  starting task 6 6_M3 3
05-Dec-20 00:18:03  starting task 6 6_M2 1
05-Dec-20 00:18:03  starting task 6 6_M1 1
05-Dec-20 00:18:03  starting task 6 6_M0 1
05-Dec-20 00:18:04  job arrival 7 7_M0
05-Dec-20 00:18:04  job arrival 7 7_M1
05-Dec-20 00:18:04  job arrival 7 7_M2
05-Dec-20 00:18:04  job arrival 7 7_R0
05-Dec-20 00:18:04  job arrival 7 7_R1
05-Dec-20 00:18:04  ending task 5 5_M0 3
05-Dec-20 00:18:04  starting task 7 7_M2 3
05-Dec-20 00:18:04  ending task 0 0_M1 2
05-Dec-20 00:18:04  starting task 7 7_M1 2
05-Dec-20 00:18:04  job arrival 8 8_M0
05-Dec-20 00:18:04  job arrival 8 8_M1
05-Dec-20 00:18:04  job arrival 8 8_M2
05-Dec-20 00:18:04  job arrival 8 8_R0
05-Dec-20 00:18:04  ending task 6 6_M1 1
05-Dec-20 00:18:04  starting task 7 7_M0 1
05-Dec-20 00:18:04  job arrival 9 9_M0
05-Dec-20 00:18:04  job arrival 9 9_M1
05-Dec-20 00:18:04  job arrival 9 9_R0
05-Dec-20 00:18:05  ending task 7 7_M2 3
05-Dec-20 00:18:05  starting task 8 8_M2 3
05-Dec-20 00:18:05  job arrival 10 10_M0
05-Dec-20 00:18:05  job arrival 10 10_M1
05-Dec-20 00:18:05  job arrival 10 10_M2
05-Dec-20 00:18:05  job arrival 10 10_R0
05-Dec-20 00:18:05  job arrival 11 11_M0
05-Dec-20 00:18:05  job arrival 11 11_M1
05-Dec-20 00:18:05  job arrival 11 11_R0
05-Dec-20 00:18:05  ending task 2 2_M0 2
05-Dec-20 00:18:05  ending task 2 2_M1 1
05-Dec-20 00:18:05  starting task 8 8_M1 2
05-Dec-20 00:18:05  ending task 7 7_M1 2
05-Dec-20 00:18:05  starting task 8 8_M0 1
05-Dec-20 00:18:05  starting task 9 9_M1 2
05-Dec-20 00:18:06  ending task 5 5_M2 2
05-Dec-20 00:18:06  starting task 9 9_M0 2
05-Dec-20 00:18:06  ending task 8 8_M2 3
05-Dec-20 00:18:06  starting task 10 10_M2 3
05-Dec-20 00:18:06  ending task 0 0_M0 2
05-Dec-20 00:18:06  ending task 1 1_M1 2
05-Dec-20 00:18:06  starting task 10 10_M1 2
05-Dec-20 00:18:06  ending task 0 0_M2 2
05-Dec-20 00:18:06  starting task 10 10_M0 2
05-Dec-20 00:18:06  starting task 0 0_R0 2
05-Dec-20 00:18:06  ending task 4 4_M0 3
05-Dec-20 00:18:07  starting task 11 11_M1 3
05-Dec-20 00:18:07  ending task 5 5_M1 1
05-Dec-20 00:18:07  starting task 11 11_M0 1
05-Dec-20 00:18:07  job arrival 12 12_M0
05-Dec-20 00:18:07  job arrival 12 12_M1
05-Dec-20 00:18:07  job arrival 12 12_M2
05-Dec-20 00:18:07  job arrival 12 12_R0
05-Dec-20 00:18:07  ending task 1 1_M0 2
05-Dec-20 00:18:07  starting task 12 12_M2 2
05-Dec-20 00:18:07  ending task 9 9_M1 2
05-Dec-20 00:18:07  starting task 1 1_R1 2
05-Dec-20 00:18:07  ending task 6 6_M3 3
05-Dec-20 00:18:07  ending task 6 6_M2 1
05-Dec-20 00:18:07  starting task 1 1_R0 3
05-Dec-20 00:18:07  ending task 6 6_M0 1
05-Dec-20 00:18:07  starting task 2 2_R0 1
05-Dec-20 00:18:07  starting task 3 3_R0 1
05-Dec-20 00:18:07  ending task 7 7_M0 1
05-Dec-20 00:18:07  starting task 4 4_R1 1
05-Dec-20 00:18:08  ending task 11 11_M1 3
05-Dec-20 00:18:08  starting task 4 4_R0 3
05-Dec-20 00:18:08  ending task 9 9_M0 2
05-Dec-20 00:18:08  starting task 5 5_R0 2
05-Dec-20 00:18:08  ending task 10 10_M2 3
05-Dec-20 00:18:08  starting task 6 6_R0 3
05-Dec-20 00:18:08  ending task 0 0_R0 2
05-Dec-20 00:18:08  ending task 10 10_M0 2
05-Dec-20 00:18:08  starting task 7 7_R1 2
05-Dec-20 00:18:08  ending task 8 8_M0 1
05-Dec-20 00:18:08  starting task 7 7_R0 2
05-Dec-20 00:18:08  starting task 12 12_M1 1
05-Dec-20 00:18:08  ending task 1 1_R1 2
05-Dec-20 00:18:08  starting task 12 12_M0 2
05-Dec-20 00:18:08  ending task 2 2_R0 1
05-Dec-20 00:18:09  ending task 5 5_R0 2
05-Dec-20 00:18:09  ending task 10 10_M1 2
05-Dec-20 00:18:09  ending task 8 8_M1 2
05-Dec-20 00:18:09  starting task 8 8_R0 1
05-Dec-20 00:18:09  starting task 9 9_R0 2
05-Dec-20 00:18:09  starting task 10 10_R0 2
05-Dec-20 00:18:10  ending task 4 4_R0 3
05-Dec-20 00:18:10  ending task 6 6_R0 3
05-Dec-20 00:18:10  job arrival 13 13_M0
05-Dec-20 00:18:10  job arrival 13 13_M1
05-Dec-20 00:18:10  job arrival 13 13_M2
05-Dec-20 00:18:10  job arrival 13 13_R0
05-Dec-20 00:18:10  starting task 13 13_M2 2
05-Dec-20 00:18:10  starting task 13 13_M1 3
05-Dec-20 00:18:10  starting task 13 13_M0 3
05-Dec-20 00:18:10  ending task 12 12_M2 2
05-Dec-20 00:18:10  ending task 12 12_M0 2
05-Dec-20 00:18:10  ending task 3 3_R0 1
05-Dec-20 00:18:10  ending task 4 4_R1 1
05-Dec-20 00:18:11  job arrival 14 14_M0
05-Dec-20 00:18:11  job arrival 14 14_M1
05-Dec-20 00:18:11  job arrival 14 14_M2
05-Dec-20 00:18:11  job arrival 14 14_M3
05-Dec-20 00:18:11  job arrival 14 14_R0
05-Dec-20 00:18:11  starting task 14 14_M3 2
05-Dec-20 00:18:11  starting task 14 14_M2 1
05-Dec-20 00:18:11  starting task 14 14_M1 2
05-Dec-20 00:18:11  starting task 14 14_M0 1
05-Dec-20 00:18:11  job arrival 15 15_M0
05-Dec-20 00:18:11  job arrival 15 15_M1
05-Dec-20 00:18:11  job arrival 15 15_M2
05-Dec-20 00:18:11  job arrival 15 15_M3
05-Dec-20 00:18:11  job arrival 15 15_R0
05-Dec-20 00:18:11  ending task 11 11_M0 1
05-Dec-20 00:18:11  starting task 15 15_M3 1
05-Dec-20 00:18:11  ending task 13 13_M1 3
05-Dec-20 00:18:11  starting task 11 11_R0 3
05-Dec-20 00:18:11  ending task 7 7_R0 2
05-Dec-20 00:18:11  ending task 7 7_R1 2
05-Dec-20 00:18:11  starting task 15 15_M2 2
05-Dec-20 00:18:11  ending task 12 12_M1 1
05-Dec-20 00:18:11  starting task 15 15_M1 2
05-Dec-20 00:18:11  starting task 12 12_R0 1
05-Dec-20 00:18:11  ending task 9 9_R0 2
05-Dec-20 00:18:11  ending task 10 10_R0 2
05-Dec-20 00:18:11  starting task 15 15_M0 2
05-Dec-20 00:18:11  ending task 1 1_R0 3
05-Dec-20 00:18:12  ending task 13 13_M2 2
05-Dec-20 00:18:12  job arrival 16 16_M0
05-Dec-20 00:18:12  job arrival 16 16_R0
05-Dec-20 00:18:12  ending task 13 13_M0 3
05-Dec-20 00:18:12  starting task 16 16_M0 2
05-Dec-20 00:18:12  starting task 13 13_R0 3
05-Dec-20 00:18:12  job arrival 17 17_M0
05-Dec-20 00:18:12  job arrival 17 17_M1
05-Dec-20 00:18:12  job arrival 17 17_M2
05-Dec-20 00:18:12  job arrival 17 17_R0
05-Dec-20 00:18:12  starting task 17 17_M2 2
05-Dec-20 00:18:12  starting task 17 17_M1 3
05-Dec-20 00:18:12  ending task 15 15_M2 2
05-Dec-20 00:18:12  ending task 15 15_M1 2
05-Dec-20 00:18:12  starting task 17 17_M0 2
05-Dec-20 00:18:12  ending task 8 8_R0 1
05-Dec-20 00:18:13  job arrival 18 18_M0
05-Dec-20 00:18:13  job arrival 18 18_M1
05-Dec-20 00:18:13  job arrival 18 18_R0
05-Dec-20 00:18:13  starting task 18 18_M1 1
05-Dec-20 00:18:13  starting task 18 18_M0 2
05-Dec-20 00:18:13  ending task 14 14_M3 2
05-Dec-20 00:18:13  ending task 14 14_M2 1
05-Dec-20 00:18:13  ending task 11 11_R0 3
05-Dec-20 00:18:13  job arrival 19 19_M0
05-Dec-20 00:18:13  job arrival 19 19_M1
05-Dec-20 00:18:13  job arrival 19 19_R0
05-Dec-20 00:18:13  starting task 19 19_M1 1
05-Dec-20 00:18:13  starting task 19 19_M0 3
05-Dec-20 00:18:14  ending task 15 15_M3 1
05-Dec-20 00:18:14  ending task 15 15_M0 2
05-Dec-20 00:18:15  ending task 14 14_M0 1
05-Dec-20 00:18:15  ending task 14 14_M1 2
05-Dec-20 00:18:15  starting task 14 14_R0 1
05-Dec-20 00:18:15  starting task 15 15_R0 1
05-Dec-20 00:18:15  ending task 13 13_R0 3
05-Dec-20 00:18:15  ending task 16 16_M0 2
05-Dec-20 00:18:15  starting task 16 16_R0 3
05-Dec-20 00:18:15  ending task 17 17_M2 2
05-Dec-20 00:18:15  ending task 12 12_R0 1
05-Dec-20 00:18:16  ending task 18 18_M1 1
05-Dec-20 00:18:16  ending task 16 16_R0 3
05-Dec-20 00:18:16  ending task 17 17_M1 3
05-Dec-20 00:18:16  ending task 17 17_M0 2
05-Dec-20 00:18:16  starting task 17 17_R0 2
05-Dec-20 00:18:17  ending task 18 18_M0 2
05-Dec-20 00:18:17  starting task 18 18_R0 3
05-Dec-20 00:18:17  ending task 19 19_M0 3
05-Dec-20 00:18:17  ending task 19 19_M1 1
05-Dec-20 00:18:17  starting task 19 19_R0 2
05-Dec-20 00:18:18  ending task 18 18_R0 3
05-Dec-20 00:18:18  ending task 14 14_R0 1
05-Dec-20 00:18:18  ending task 17 17_R0 2
05-Dec-20 00:18:19  ending task 15 15_R0 1
05-Dec-20 00:18:19  ending task 19 19_R0 2
